<?xml version="1.0" encoding="UTF-8"?>
<testsuite name="Test on Internet Explorer" failures="1" tests="1" time="79.184" errors="0">
  <properties/>
  <testcase name="Test1" time="48.988" classname="com.sample.automation.tests.SfdcLoginTc">
    <failure type="org.openqa.selenium.NoSuchElementException" message="Unable to find element with id == 0069000000AJeJ5_RelatedQuoteList (WARNING: The server did not provide any stacktrace information)
System info: os.name: &amp;apos;Windows 7&amp;apos;, os.arch: &amp;apos;amd64&amp;apos;, os.version: &amp;apos;6.1&amp;apos;, java.version: &amp;apos;1.7.0_51&amp;apos;
Driver info: driver.version: RemoteWebDriver">
      <![CDATA[org.openqa.selenium.NoSuchElementException: Unable to find element with id == 0069000000AJeJ5_RelatedQuoteList (WARNING: The server did not provide any stacktrace information)
System info: os.name: 'Windows 7', os.arch: 'amd64', os.version: '6.1', java.version: '1.7.0_51'
Driver info: driver.version: RemoteWebDriver
	at org.openqa.selenium.remote.ErrorHandler.createThrowable(ErrorHandler.java:131)
	at org.openqa.selenium.remote.ErrorHandler.throwIfResponseFailed(ErrorHandler.java:105)
	at org.openqa.selenium.remote.RemoteWebDriver.execute(RemoteWebDriver.java:410)
	at org.openqa.selenium.remote.RemoteWebDriver.findElement(RemoteWebDriver.java:193)
	at org.openqa.selenium.remote.RemoteWebDriver.findElementById(RemoteWebDriver.java:210)
	at org.openqa.selenium.By$1.findElement(By.java:66)
	at org.openqa.selenium.remote.RemoteWebDriver.findElement(RemoteWebDriver.java:185)
	at com.sample.automation.manager.SfdcManager.login(Unknown Source)
	at com.sample.automation.tests.SfdcLoginTc.Test1(Unknown Source)
	at java.util.concurrent.ThreadPoolExecutor.runWorker(ThreadPoolExecutor.java:1145)
	at java.util.concurrent.ThreadPoolExecutor$Worker.run(ThreadPoolExecutor.java:615)
	at java.lang.Thread.run(Thread.java:744)
... Removed 21 stack frames]]>
    </failure>
  </testcase>
</testsuite>
